0 info it worked if it ends with ok
1 verbose cli [ 'C:\\Program Files\\nodejs\\node.exe',
1 verbose cli   'C:\\Program Files\\nodejs\\node_modules\\npm\\bin\\npm-cli.js',
1 verbose cli   'install',
1 verbose cli   'chart.js',
1 verbose cli   '--save' ]
2 info using npm@3.10.10
3 info using node@v6.10.3
4 silly loadCurrentTree Starting
5 silly install loadCurrentTree
6 silly install readLocalPackageData
7 silly fetchPackageMetaData chart.js
8 silly fetchOtherPackageData chart.js
9 silly cache add args [ 'chart.js', null ]
10 verbose cache add spec chart.js
11 silly cache add parsed spec Result {
11 silly cache add   raw: 'chart.js',
11 silly cache add   scope: null,
11 silly cache add   escapedName: 'chart.js',
11 silly cache add   name: null,
11 silly cache add   rawSpec: 'chart.js',
11 silly cache add   spec: 'C:\\Users\\Bob\\Documents\\Csci152\\CSCI152\\Frontend trial\\chart.js',
11 silly cache add   type: 'local' }
12 silly addLocalTarball shasum (computed) 3d52b38d05cc44b030f447dd9f131e76fabdb965
13 verbose addTmpTarball C:\Users\Bob\Documents\Csci152\CSCI152\Frontend trial\chart.js not in flight; adding
14 verbose correctMkdir C:\Users\Bob\AppData\Roaming\npm-cache correctMkdir not in flight; initializing
15 verbose addTmpTarball validating metadata from C:\Users\Bob\Documents\Csci152\CSCI152\Frontend trial\chart.js
16 verbose tar unpack C:\Users\Bob\Documents\Csci152\CSCI152\Frontend trial\chart.js
17 verbose tar unpacking to C:\Users\Bob\AppData\Local\Temp\npm-12824-18794440\unpack-36079300
18 silly gentlyRm C:\Users\Bob\AppData\Local\Temp\npm-12824-18794440\unpack-36079300 is being purged
19 verbose gentlyRm don't care about contents; nuking C:\Users\Bob\AppData\Local\Temp\npm-12824-18794440\unpack-36079300
20 silly gunzTarPerm modes [ '777', '666' ]
21 error not a package C:\Users\Bob\Documents\Csci152\CSCI152\Frontend trial\chart.js
22 error addLocal Could not install C:\Users\Bob\Documents\Csci152\CSCI152\Frontend trial\chart.js
23 silly fetchPackageMetaData Error: ENOENT: no such file or directory, open 'C:\Users\Bob\AppData\Local\Temp\npm-12824-18794440\unpack-36079300\package.json'
23 silly fetchPackageMetaData     at Error (native)
23 silly fetchPackageMetaData  error for chart.js { Error: ENOENT: no such file or directory, open 'C:\Users\Bob\AppData\Local\Temp\npm-12824-18794440\unpack-36079300\package.json'
23 silly fetchPackageMetaData     at Error (native)
23 silly fetchPackageMetaData   errno: -4058,
23 silly fetchPackageMetaData   code: 'ENOENT',
23 silly fetchPackageMetaData   syscall: 'open',
23 silly fetchPackageMetaData   path: 'C:\\Users\\Bob\\AppData\\Local\\Temp\\npm-12824-18794440\\unpack-36079300\\package.json' }
24 silly rollbackFailedOptional Starting
25 silly rollbackFailedOptional Finishing
26 silly runTopLevelLifecycles Finishing
27 silly install printInstalled
28 verbose stack Error: ENOENT: no such file or directory, open 'C:\Users\Bob\AppData\Local\Temp\npm-12824-18794440\unpack-36079300\package.json'
28 verbose stack     at Error (native)
29 verbose cwd C:\Users\Bob\Documents\Csci152\CSCI152\Frontend trial
30 error Windows_NT 10.0.14393
31 error argv "C:\\Program Files\\nodejs\\node.exe" "C:\\Program Files\\nodejs\\node_modules\\npm\\bin\\npm-cli.js" "install" "chart.js" "--save"
32 error node v6.10.3
33 error npm  v3.10.10
34 error path C:\Users\Bob\AppData\Local\Temp\npm-12824-18794440\unpack-36079300\package.json
35 error code ENOENT
36 error errno -4058
37 error syscall open
38 error enoent ENOENT: no such file or directory, open 'C:\Users\Bob\AppData\Local\Temp\npm-12824-18794440\unpack-36079300\package.json'
39 error enoent ENOENT: no such file or directory, open 'C:\Users\Bob\AppData\Local\Temp\npm-12824-18794440\unpack-36079300\package.json'
39 error enoent This is most likely not a problem with npm itself
39 error enoent and is related to npm not being able to find a file.
40 verbose exit [ -4058, true ]
